<?xml version="1.0" encoding="UTF-8"?>
<!-- Generated by org.testng.reporters.JUnitReportReporter -->
<testsuite hostname="DESKTOP-MUEUS88" failures="0" tests="3" name="TestPackage.SmartLoan" time="0.008" errors="0" timestamp="2023-05-14T21:13:39 CEST" skipped="0">
  <testcase classname="TestPackage.SmartLoan" name="SmartLoanBranch" time="0.003"/>
  <system-out/>
  <testcase classname="TestPackage.SmartLoan" name="SmartLoanWEB" time="0.003"/>
  <system-out/>
  <testcase classname="TestPackage.SmartLoan" name="SmartLoannApp" time="0.002"/>
  <system-out/>
</testsuite> <!-- TestPackage.SmartLoan -->
