<?xml version="1.0" encoding="UTF-8"?>
<!-- Generated by org.testng.reporters.JUnitReportReporter -->
<testsuite hostname="DESKTOP-MUEUS88" failures="0" tests="3" name="TestPackage.SmartLoan" time="0.029" errors="0" timestamp="2023-05-19T21:25:23 CEST" skipped="0">
  <testcase classname="TestPackage.SmartLoan" name="SmartLoannApp" time="0.014"/>
  <system-out/>
  <testcase classname="TestPackage.SmartLoan" name="SmartLoanBranch" time="0.006"/>
  <system-out/>
  <testcase classname="TestPackage.SmartLoan" name="SmartLoanWEB" time="0.009"/>
  <system-out/>
</testsuite> <!-- TestPackage.SmartLoan -->
