<?xml version="1.0" encoding="UTF-8"?>
<!-- Generated by org.testng.reporters.JUnitReportReporter -->
<testsuite hostname="DESKTOP-MUEUS88" failures="0" tests="3" name="TestPackage.CarLease" time="0.006" errors="0" timestamp="2023-05-14T21:13:39 CEST" skipped="0">
  <testcase classname="TestPackage.CarLease" name="CarLeaseApp" time="0.002"/>
  <system-out/>
  <testcase classname="TestPackage.CarLease" name="CarLeaseBranch" time="0.002"/>
  <system-out/>
  <testcase classname="TestPackage.CarLease" name="CarLeaseWEB" time="0.002"/>
  <system-out/>
</testsuite> <!-- TestPackage.CarLease -->
