<?xml version="1.0" encoding="UTF-8"?>
<!-- Generated by org.testng.reporters.JUnitReportReporter -->
<testsuite hostname="DESKTOP-MUEUS88" failures="0" tests="3" name="TestPackage.MortageLoan" time="0.028" errors="0" timestamp="2023-05-19T21:25:23 CEST" skipped="0">
  <testcase classname="TestPackage.MortageLoan" name="MortageLoanBranch" time="0.005"/>
  <system-out/>
  <testcase classname="TestPackage.MortageLoan" name="MortageLoanWEB" time="0.005"/>
  <system-out/>
  <testcase classname="TestPackage.MortageLoan" name="MortageLoanApp" time="0.018"/>
  <system-out/>
</testsuite> <!-- TestPackage.MortageLoan -->
