<?xml version="1.0" encoding="UTF-8"?>
<!-- Generated by org.testng.reporters.JUnitReportReporter -->
<testsuite hostname="DESKTOP-MUEUS88" failures="0" tests="3" name="TestPackage.FlexiLoan" time="0.007" errors="0" timestamp="2023-05-14T21:13:39 CEST" skipped="0">
  <testcase classname="TestPackage.FlexiLoan" name="FlexiLoanWEB" time="0.002"/>
  <system-out/>
  <testcase classname="TestPackage.FlexiLoan" name="FlexiLoanApp" time="0.003"/>
  <system-out/>
  <testcase classname="TestPackage.FlexiLoan" name="FlexiLoanBranch" time="0.002"/>
  <system-out/>
</testsuite> <!-- TestPackage.FlexiLoan -->
