<?xml version="1.0" encoding="UTF-8"?>
<!-- Generated by org.testng.reporters.JUnitReportReporter -->
<testsuite hostname="DESKTOP-MUEUS88" failures="0" tests="3" name="TestPackage.CarBuyLoan" time="0.039" errors="0" timestamp="2023-05-19T21:20:57 CEST" skipped="0">
  <testcase classname="TestPackage.CarBuyLoan" name="CarBuyLoanWEB" time="0.017"/>
  <system-out/>
  <testcase classname="TestPackage.CarBuyLoan" name="CarBuyLoanApp" time="0.014"/>
  <system-out/>
  <testcase classname="TestPackage.CarBuyLoan" name="CarBuyLoanBranch" time="0.008"/>
  <system-out/>
</testsuite> <!-- TestPackage.CarBuyLoan -->
