<?xml version="1.0" encoding="UTF-8"?>
<!-- Generated by org.testng.reporters.JUnitReportReporter -->
<testsuite hostname="DESKTOP-MUEUS88" failures="0" tests="3" name="TestPackage.FixedLoan" time="0.019" errors="0" timestamp="2023-05-14T21:25:13 CEST" skipped="0">
  <testcase classname="TestPackage.FixedLoan" name="FixedLoanApp" time="0.014"/>
  <system-out/>
  <testcase classname="TestPackage.FixedLoan" name="FixedLoanWEB" time="0.002"/>
  <system-out/>
  <testcase classname="TestPackage.FixedLoan" name="FixedLoanBranch" time="0.003"/>
  <system-out/>
</testsuite> <!-- TestPackage.FixedLoan -->
